[debug] [2025-11-07T19:35:19.708Z] ----------------------------------------------------------------------
[debug] [2025-11-07T19:35:19.710Z] Command:       /opt/homebrew/Cellar/node/25.1.0/bin/node /opt/homebrew/bin/firebase init
[debug] [2025-11-07T19:35:19.710Z] CLI Version:   14.24.1
[debug] [2025-11-07T19:35:19.710Z] Platform:      darwin
[debug] [2025-11-07T19:35:19.711Z] Node Version:  v25.1.0
[debug] [2025-11-07T19:35:19.711Z] Time:          Sat Nov 08 2025 01:05:19 GMT+0530 (India Standard Time)
[debug] [2025-11-07T19:35:19.711Z] ----------------------------------------------------------------------
[debug] 
[info] 
     ######## #### ########  ######## ########     ###     ######  ########
     ##        ##  ##     ## ##       ##     ##  ##   ##  ##       ##
     ######    ##  ########  ######   ########  #########  ######  ######
     ##        ##  ##    ##  ##       ##     ## ##     ##       ## ##
     ##       #### ##     ## ######## ########  ##     ##  ######  ########

You're about to initialize a Firebase project in this directory:

  /Users/shashi/Documents/projects/Nexora/Ecom/frontend

[info] 
=== Project Setup
[info] 
[info] First, let's associate this project directory with a Firebase project.
[info] You can create multiple project aliases by running firebase use --add, 
[info] 
[debug] [2025-11-07T19:35:51.498Z] > command requires scopes: ["email","openid","https://www.googleapis.com/auth/cloudplatformprojects.readonly","https://www.googleapis.com/auth/firebase","https://www.googleapis.com/auth/cloud-platform"]
[debug] [2025-11-07T19:35:51.498Z] > authorizing via signed-in user (shashibhushan847305@gmail.com)
[debug] [2025-11-07T19:35:51.500Z] Checked if tokens are valid: true, expires at: 1762547700428
[debug] [2025-11-07T19:35:51.500Z] Checked if tokens are valid: true, expires at: 1762547700428
[debug] [2025-11-07T19:35:51.501Z] >>> [apiv2][query] GET https://firebase.googleapis.com/v1beta1/projects pageSize=100
[debug] [2025-11-07T19:35:52.886Z] <<< [apiv2][status] GET https://firebase.googleapis.com/v1beta1/projects 200
[debug] [2025-11-07T19:35:52.886Z] <<< [apiv2][body] GET https://firebase.googleapis.com/v1beta1/projects [omitted]
[info] 
=== Dataconnect Setup
[debug] [2025-11-07T19:35:52.912Z] Checked if tokens are valid: true, expires at: 1762547700428
[debug] [2025-11-07T19:35:52.912Z] Checked if tokens are valid: true, expires at: 1762547700428
[debug] [2025-11-07T19:35:52.912Z] >>> [apiv2][query] GET https://cloudbilling.googleapis.com/v1/projects/ecom-50ad3/billingInfo [none]
[debug] [2025-11-07T19:35:54.956Z] <<< [apiv2][status] GET https://cloudbilling.googleapis.com/v1/projects/ecom-50ad3/billingInfo 200
[debug] [2025-11-07T19:35:54.957Z] <<< [apiv2][body] GET https://cloudbilling.googleapis.com/v1/projects/ecom-50ad3/billingInfo {"name":"projects/ecom-50ad3/billingInfo","projectId":"ecom-50ad3","billingAccountName":"","billingEnabled":false}
[info] i  dataconnect: ensuring required API firebasedataconnect.googleapis.com is enabled... 
[debug] [2025-11-07T19:35:54.958Z] Checked if tokens are valid: true, expires at: 1762547700428
[debug] [2025-11-07T19:35:54.959Z] Checked if tokens are valid: true, expires at: 1762547700428
[info] i  dataconnect: ensuring required API sqladmin.googleapis.com is enabled... 
[debug] [2025-11-07T19:35:54.959Z] Checked if tokens are valid: true, expires at: 1762547700428
[debug] [2025-11-07T19:35:54.959Z] Checked if tokens are valid: true, expires at: 1762547700428
[debug] [2025-11-07T19:35:54.959Z] >>> [apiv2][query] GET https://serviceusage.googleapis.com/v1/projects/ecom-50ad3/services/firebasedataconnect.googleapis.com [none]
[debug] [2025-11-07T19:35:54.959Z] >>> [apiv2][(partial)header] GET https://serviceusage.googleapis.com/v1/projects/ecom-50ad3/services/firebasedataconnect.googleapis.com x-goog-quota-user=projects/ecom-50ad3
[debug] [2025-11-07T19:35:54.961Z] >>> [apiv2][query] GET https://serviceusage.googleapis.com/v1/projects/ecom-50ad3/services/sqladmin.googleapis.com [none]
[debug] [2025-11-07T19:35:54.961Z] >>> [apiv2][(partial)header] GET https://serviceusage.googleapis.com/v1/projects/ecom-50ad3/services/sqladmin.googleapis.com x-goog-quota-user=projects/ecom-50ad3
[debug] [2025-11-07T19:35:57.066Z] <<< [apiv2][status] GET https://serviceusage.googleapis.com/v1/projects/ecom-50ad3/services/firebasedataconnect.googleapis.com 200
[debug] [2025-11-07T19:35:57.066Z] <<< [apiv2][body] GET https://serviceusage.googleapis.com/v1/projects/ecom-50ad3/services/firebasedataconnect.googleapis.com [omitted]
[warn] ⚠  dataconnect: missing required API firebasedataconnect.googleapis.com. Enabling now... 
[debug] [2025-11-07T19:35:57.067Z] Checked if tokens are valid: true, expires at: 1762547700428
[debug] [2025-11-07T19:35:57.067Z] Checked if tokens are valid: true, expires at: 1762547700428
[debug] [2025-11-07T19:35:57.067Z] >>> [apiv2][query] POST https://serviceusage.googleapis.com/v1/projects/ecom-50ad3/services/firebasedataconnect.googleapis.com:enable [none]
[debug] [2025-11-07T19:35:57.067Z] >>> [apiv2][(partial)header] POST https://serviceusage.googleapis.com/v1/projects/ecom-50ad3/services/firebasedataconnect.googleapis.com:enable x-goog-quota-user=projects/ecom-50ad3
[debug] [2025-11-07T19:35:57.075Z] <<< [apiv2][status] GET https://serviceusage.googleapis.com/v1/projects/ecom-50ad3/services/sqladmin.googleapis.com 200
[debug] [2025-11-07T19:35:57.075Z] <<< [apiv2][body] GET https://serviceusage.googleapis.com/v1/projects/ecom-50ad3/services/sqladmin.googleapis.com [omitted]
[warn] ⚠  dataconnect: missing required API sqladmin.googleapis.com. Enabling now... 
[debug] [2025-11-07T19:35:57.075Z] Checked if tokens are valid: true, expires at: 1762547700428
[debug] [2025-11-07T19:35:57.075Z] Checked if tokens are valid: true, expires at: 1762547700428
[debug] [2025-11-07T19:35:57.076Z] >>> [apiv2][query] POST https://serviceusage.googleapis.com/v1/projects/ecom-50ad3/services/sqladmin.googleapis.com:enable [none]
[debug] [2025-11-07T19:35:57.076Z] >>> [apiv2][(partial)header] POST https://serviceusage.googleapis.com/v1/projects/ecom-50ad3/services/sqladmin.googleapis.com:enable x-goog-quota-user=projects/ecom-50ad3
[debug] [2025-11-07T19:35:57.603Z] <<< [apiv2][status] POST https://serviceusage.googleapis.com/v1/projects/ecom-50ad3/services/firebasedataconnect.googleapis.com:enable 200
[debug] [2025-11-07T19:35:57.603Z] <<< [apiv2][body] POST https://serviceusage.googleapis.com/v1/projects/ecom-50ad3/services/firebasedataconnect.googleapis.com:enable [omitted]
[debug] [2025-11-07T19:35:57.669Z] <<< [apiv2][status] POST https://serviceusage.googleapis.com/v1/projects/ecom-50ad3/services/sqladmin.googleapis.com:enable 200
[debug] [2025-11-07T19:35:57.669Z] <<< [apiv2][body] POST https://serviceusage.googleapis.com/v1/projects/ecom-50ad3/services/sqladmin.googleapis.com:enable [omitted]
